{"/home/julian-matias/Área de Trabalho/Julian/Radio_Spotify/aula02/server/config.js": {"path":"/home/julian-matias/Área de Trabalho/Julian/Radio_Spotify/aula02/server/config.js","statementMap":{"0":{"start":{"line":3,"column":19},"end":{"line":3,"column":58}},"1":{"start":{"line":4,"column":13},"end":{"line":4,"column":37}},"2":{"start":{"line":5,"column":23},"end":{"line":5,"column":43}},"3":{"start":{"line":6,"column":24},"end":{"line":6,"column":45}},"4":{"start":{"line":7,"column":23},"end":{"line":7,"column":52}}},"fnMap":{},"branchMap":{"0":{"loc":{"start":{"line":9,"column":8},"end":{"line":9,"column":32}},"type":"binary-expr","locations":[{"start":{"line":9,"column":8},"end":{"line":9,"column":24}},{"start":{"line":9,"column":28},"end":{"line":9,"column":32}}],"line":9}},"s":{"0":3,"1":3,"2":3,"3":3,"4":3},"f":{},"b":{"0":[3,3]},"_coverageSchema":"1a1c01bbd47fc00a2c39e90264f33305004495a9","hash":"e7daeb7fdef01e101b2eb590a2e2fb14922a53d0"}
,"/home/julian-matias/Área de Trabalho/Julian/Radio_Spotify/aula02/server/controller.js": {"path":"/home/julian-matias/Área de Trabalho/Julian/Radio_Spotify/aula02/server/controller.js","statementMap":{"0":{"start":{"line":10,"column":6},"end":{"line":10,"column":34}},"1":{"start":{"line":14,"column":6},"end":{"line":14,"column":49}},"2":{"start":{"line":17,"column":6},"end":{"line":17,"column":49}},"3":{"start":{"line":18,"column":21},"end":{"line":20,"column":7}},"4":{"start":{"line":22,"column":18},"end":{"line":22,"column":39}},"5":{"start":{"line":23,"column":6},"end":{"line":26,"column":7}},"6":{"start":{"line":24,"column":8},"end":{"line":24,"column":38}},"7":{"start":{"line":25,"column":8},"end":{"line":25,"column":21}},"8":{"start":{"line":28,"column":6},"end":{"line":31,"column":7}},"9":{"start":{"line":29,"column":8},"end":{"line":29,"column":37}},"10":{"start":{"line":30,"column":8},"end":{"line":30,"column":21}},"11":{"start":{"line":33,"column":6},"end":{"line":33,"column":19}},"12":{"start":{"line":40,"column":10},"end":{"line":40,"column":43}},"13":{"start":{"line":42,"column":22},"end":{"line":45,"column":7}},"14":{"start":{"line":43,"column":8},"end":{"line":43,"column":50}},"15":{"start":{"line":44,"column":8},"end":{"line":44,"column":43}},"16":{"start":{"line":47,"column":6},"end":{"line":50,"column":7}}},"fnMap":{"0":{"name":"(anonymous_0)","decl":{"start":{"line":9,"column":4},"end":{"line":9,"column":5}},"loc":{"start":{"line":9,"column":18},"end":{"line":11,"column":5}},"line":9},"1":{"name":"(anonymous_1)","decl":{"start":{"line":13,"column":4},"end":{"line":13,"column":5}},"loc":{"start":{"line":13,"column":34},"end":{"line":15,"column":5}},"line":13},"2":{"name":"(anonymous_2)","decl":{"start":{"line":16,"column":4},"end":{"line":16,"column":5}},"loc":{"start":{"line":16,"column":37},"end":{"line":34,"column":5}},"line":16},"3":{"name":"(anonymous_3)","decl":{"start":{"line":36,"column":4},"end":{"line":36,"column":5}},"loc":{"start":{"line":36,"column":25},"end":{"line":51,"column":5}},"line":36},"4":{"name":"(anonymous_4)","decl":{"start":{"line":42,"column":22},"end":{"line":42,"column":23}},"loc":{"start":{"line":42,"column":28},"end":{"line":45,"column":7}},"line":42}},"branchMap":{"0":{"loc":{"start":{"line":23,"column":6},"end":{"line":26,"column":7}},"type":"if","locations":[{"start":{"line":23,"column":6},"end":{"line":26,"column":7}},{"start":{},"end":{}}],"line":23},"1":{"loc":{"start":{"line":28,"column":6},"end":{"line":31,"column":7}},"type":"if","locations":[{"start":{"line":28,"column":6},"end":{"line":31,"column":7}},{"start":{},"end":{}}],"line":28}},"s":{"0":6,"1":1,"2":3,"3":3,"4":3,"5":3,"6":1,"7":1,"8":2,"9":1,"10":1,"11":1,"12":1,"13":1,"14":1,"15":1,"16":1},"f":{"0":6,"1":1,"2":3,"3":1,"4":1},"b":{"0":[1,2],"1":[1,1]},"_coverageSchema":"1a1c01bbd47fc00a2c39e90264f33305004495a9","hash":"9bc3dfc0c7572012590e65362235253c56148749"}
,"/home/julian-matias/Área de Trabalho/Julian/Radio_Spotify/aula02/server/routes.js": {"path":"/home/julian-matias/Área de Trabalho/Julian/Radio_Spotify/aula02/server/routes.js","statementMap":{"0":{"start":{"line":17,"column":4},"end":{"line":17,"column":10}},"1":{"start":{"line":19,"column":19},"end":{"line":19,"column":35}},"2":{"start":{"line":24,"column":6},"end":{"line":24,"column":13}},"3":{"start":{"line":26,"column":2},"end":{"line":32,"column":3}},"4":{"start":{"line":27,"column":4},"end":{"line":29,"column":6}},"5":{"start":{"line":31,"column":4},"end":{"line":31,"column":25}},"6":{"start":{"line":34,"column":2},"end":{"line":45,"column":3}},"7":{"start":{"line":37,"column":8},"end":{"line":37,"column":48}},"8":{"start":{"line":44,"column":4},"end":{"line":44,"column":32}},"9":{"start":{"line":47,"column":2},"end":{"line":58,"column":3}},"10":{"start":{"line":50,"column":8},"end":{"line":50,"column":54}},"11":{"start":{"line":57,"column":4},"end":{"line":57,"column":32}},"12":{"start":{"line":60,"column":2},"end":{"line":73,"column":3}},"13":{"start":{"line":64,"column":8},"end":{"line":64,"column":39}},"14":{"start":{"line":65,"column":4},"end":{"line":65,"column":34}},"15":{"start":{"line":66,"column":4},"end":{"line":70,"column":6}},"16":{"start":{"line":72,"column":4},"end":{"line":72,"column":32}},"17":{"start":{"line":75,"column":2},"end":{"line":80,"column":3}},"18":{"start":{"line":76,"column":17},"end":{"line":76,"column":44}},"19":{"start":{"line":77,"column":17},"end":{"line":77,"column":33}},"20":{"start":{"line":78,"column":19},"end":{"line":78,"column":55}},"21":{"start":{"line":79,"column":4},"end":{"line":79,"column":47}},"22":{"start":{"line":83,"column":2},"end":{"line":96,"column":3}},"23":{"start":{"line":87,"column":8},"end":{"line":87,"column":43}},"24":{"start":{"line":88,"column":24},"end":{"line":88,"column":42}},"25":{"start":{"line":89,"column":4},"end":{"line":94,"column":5}},"26":{"start":{"line":90,"column":6},"end":{"line":92,"column":8}},"27":{"start":{"line":95,"column":4},"end":{"line":95,"column":32}},"28":{"start":{"line":99,"column":2},"end":{"line":99,"column":25}},"29":{"start":{"line":100,"column":2},"end":{"line":100,"column":23}},"30":{"start":{"line":105,"column":2},"end":{"line":109,"column":3}},"31":{"start":{"line":106,"column":4},"end":{"line":106,"column":49}},"32":{"start":{"line":107,"column":4},"end":{"line":107,"column":27}},"33":{"start":{"line":108,"column":4},"end":{"line":108,"column":25}},"34":{"start":{"line":111,"column":2},"end":{"line":111,"column":52}},"35":{"start":{"line":112,"column":2},"end":{"line":112,"column":25}},"36":{"start":{"line":113,"column":2},"end":{"line":113,"column":23}},"37":{"start":{"line":118,"column":2},"end":{"line":119,"column":49}},"38":{"start":{"line":119,"column":20},"end":{"line":119,"column":48}}},"fnMap":{"0":{"name":"routes","decl":{"start":{"line":20,"column":15},"end":{"line":20,"column":21}},"loc":{"start":{"line":20,"column":41},"end":{"line":102,"column":1}},"line":20},"1":{"name":"handleError","decl":{"start":{"line":104,"column":9},"end":{"line":104,"column":20}},"loc":{"start":{"line":104,"column":38},"end":{"line":114,"column":1}},"line":104},"2":{"name":"handler","decl":{"start":{"line":116,"column":16},"end":{"line":116,"column":23}},"loc":{"start":{"line":116,"column":43},"end":{"line":120,"column":1}},"line":116},"3":{"name":"(anonymous_3)","decl":{"start":{"line":119,"column":11},"end":{"line":119,"column":12}},"loc":{"start":{"line":119,"column":20},"end":{"line":119,"column":48}},"line":119}},"branchMap":{"0":{"loc":{"start":{"line":26,"column":2},"end":{"line":32,"column":3}},"type":"if","locations":[{"start":{"line":26,"column":2},"end":{"line":32,"column":3}},{"start":{},"end":{}}],"line":26},"1":{"loc":{"start":{"line":26,"column":6},"end":{"line":26,"column":37}},"type":"binary-expr","locations":[{"start":{"line":26,"column":6},"end":{"line":26,"column":22}},{"start":{"line":26,"column":26},"end":{"line":26,"column":37}}],"line":26},"2":{"loc":{"start":{"line":34,"column":2},"end":{"line":45,"column":3}},"type":"if","locations":[{"start":{"line":34,"column":2},"end":{"line":45,"column":3}},{"start":{},"end":{}}],"line":34},"3":{"loc":{"start":{"line":34,"column":6},"end":{"line":34,"column":41}},"type":"binary-expr","locations":[{"start":{"line":34,"column":6},"end":{"line":34,"column":22}},{"start":{"line":34,"column":26},"end":{"line":34,"column":41}}],"line":34},"4":{"loc":{"start":{"line":47,"column":2},"end":{"line":58,"column":3}},"type":"if","locations":[{"start":{"line":47,"column":2},"end":{"line":58,"column":3}},{"start":{},"end":{}}],"line":47},"5":{"loc":{"start":{"line":47,"column":6},"end":{"line":47,"column":47}},"type":"binary-expr","locations":[{"start":{"line":47,"column":6},"end":{"line":47,"column":22}},{"start":{"line":47,"column":26},"end":{"line":47,"column":47}}],"line":47},"6":{"loc":{"start":{"line":60,"column":2},"end":{"line":73,"column":3}},"type":"if","locations":[{"start":{"line":60,"column":2},"end":{"line":73,"column":3}},{"start":{},"end":{}}],"line":60},"7":{"loc":{"start":{"line":60,"column":6},"end":{"line":60,"column":49}},"type":"binary-expr","locations":[{"start":{"line":60,"column":6},"end":{"line":60,"column":22}},{"start":{"line":60,"column":26},"end":{"line":60,"column":49}}],"line":60},"8":{"loc":{"start":{"line":75,"column":2},"end":{"line":80,"column":3}},"type":"if","locations":[{"start":{"line":75,"column":2},"end":{"line":80,"column":3}},{"start":{},"end":{}}],"line":75},"9":{"loc":{"start":{"line":75,"column":5},"end":{"line":75,"column":47}},"type":"binary-expr","locations":[{"start":{"line":75,"column":5},"end":{"line":75,"column":22}},{"start":{"line":75,"column":26},"end":{"line":75,"column":47}}],"line":75},"10":{"loc":{"start":{"line":83,"column":2},"end":{"line":96,"column":3}},"type":"if","locations":[{"start":{"line":83,"column":2},"end":{"line":96,"column":3}},{"start":{},"end":{}}],"line":83},"11":{"loc":{"start":{"line":89,"column":4},"end":{"line":94,"column":5}},"type":"if","locations":[{"start":{"line":89,"column":4},"end":{"line":94,"column":5}},{"start":{},"end":{}}],"line":89},"12":{"loc":{"start":{"line":105,"column":2},"end":{"line":109,"column":3}},"type":"if","locations":[{"start":{"line":105,"column":2},"end":{"line":109,"column":3}},{"start":{},"end":{}}],"line":105}},"s":{"0":1,"1":1,"2":10,"3":10,"4":1,"5":1,"6":9,"7":1,"8":1,"9":8,"10":1,"11":1,"12":7,"13":1,"14":1,"15":1,"16":1,"17":6,"18":1,"19":1,"20":1,"21":1,"22":5,"23":4,"24":2,"25":2,"26":1,"27":2,"28":1,"29":1,"30":2,"31":1,"32":1,"33":1,"34":1,"35":1,"36":1,"37":10,"38":2},"f":{"0":10,"1":2,"2":10,"3":2},"b":{"0":[1,9],"1":[10,8],"2":[1,8],"3":[9,7],"4":[1,7],"5":[8,6],"6":[1,6],"7":[7,5],"8":[1,5],"9":[6,2],"10":[4,1],"11":[1,1],"12":[1,1]},"_coverageSchema":"1a1c01bbd47fc00a2c39e90264f33305004495a9","hash":"f70710773e528bcd44abde8dadb7fed850de8064"}
,"/home/julian-matias/Área de Trabalho/Julian/Radio_Spotify/aula02/server/service.js": {"path":"/home/julian-matias/Área de Trabalho/Julian/Radio_Spotify/aula02/server/service.js","statementMap":{"0":{"start":{"line":34,"column":4},"end":{"line":34,"column":10}},"1":{"start":{"line":37,"column":4},"end":{"line":37,"column":34}},"2":{"start":{"line":38,"column":4},"end":{"line":38,"column":42}},"3":{"start":{"line":39,"column":4},"end":{"line":39,"column":27}},"4":{"start":{"line":40,"column":4},"end":{"line":40,"column":31}},"5":{"start":{"line":41,"column":4},"end":{"line":41,"column":29}},"6":{"start":{"line":45,"column":15},"end":{"line":45,"column":27}},"7":{"start":{"line":46,"column":25},"end":{"line":46,"column":42}},"8":{"start":{"line":47,"column":4},"end":{"line":47,"column":44}},"9":{"start":{"line":49,"column":4},"end":{"line":52,"column":5}},"10":{"start":{"line":57,"column":4},"end":{"line":57,"column":33}},"11":{"start":{"line":61,"column":4},"end":{"line":61,"column":42}},"12":{"start":{"line":65,"column":4},"end":{"line":93,"column":5}},"13":{"start":{"line":66,"column":19},"end":{"line":70,"column":7}},"14":{"start":{"line":75,"column":10},"end":{"line":75,"column":39}},"15":{"start":{"line":77,"column":6},"end":{"line":80,"column":8}},"16":{"start":{"line":82,"column":31},"end":{"line":82,"column":76}},"17":{"start":{"line":82,"column":62},"end":{"line":82,"column":75}},"18":{"start":{"line":83,"column":6},"end":{"line":83,"column":51}},"19":{"start":{"line":83,"column":17},"end":{"line":83,"column":51}},"20":{"start":{"line":84,"column":6},"end":{"line":87,"column":28}},"21":{"start":{"line":90,"column":6},"end":{"line":90,"column":51}},"22":{"start":{"line":92,"column":6},"end":{"line":92,"column":28}},"23":{"start":{"line":97,"column":4},"end":{"line":111,"column":6}},"24":{"start":{"line":99,"column":8},"end":{"line":107,"column":9}},"25":{"start":{"line":101,"column":10},"end":{"line":104,"column":11}},"26":{"start":{"line":102,"column":12},"end":{"line":102,"column":41}},"27":{"start":{"line":103,"column":12},"end":{"line":103,"column":21}},"28":{"start":{"line":106,"column":10},"end":{"line":106,"column":29}},"29":{"start":{"line":109,"column":8},"end":{"line":109,"column":12}},"30":{"start":{"line":114,"column":4},"end":{"line":114,"column":52}},"31":{"start":{"line":115,"column":20},"end":{"line":115,"column":100}},"32":{"start":{"line":116,"column":30},"end":{"line":116,"column":76}},"33":{"start":{"line":117,"column":25},"end":{"line":117,"column":87}},"34":{"start":{"line":118,"column":4},"end":{"line":122,"column":5}},"35":{"start":{"line":126,"column":4},"end":{"line":126,"column":35}},"36":{"start":{"line":130,"column":4},"end":{"line":130,"column":40}},"37":{"start":{"line":135,"column":25},"end":{"line":135,"column":52}},"38":{"start":{"line":137,"column":4},"end":{"line":137,"column":41}},"39":{"start":{"line":138,"column":21},"end":{"line":138,"column":42}},"40":{"start":{"line":139,"column":4},"end":{"line":142,"column":5}},"41":{"start":{"line":149,"column":8},"end":{"line":149,"column":36}},"42":{"start":{"line":150,"column":4},"end":{"line":153,"column":5}}},"fnMap":{"0":{"name":"(anonymous_0)","decl":{"start":{"line":36,"column":2},"end":{"line":36,"column":3}},"loc":{"start":{"line":36,"column":16},"end":{"line":42,"column":3}},"line":36},"1":{"name":"(anonymous_1)","decl":{"start":{"line":44,"column":2},"end":{"line":44,"column":3}},"loc":{"start":{"line":44,"column":23},"end":{"line":54,"column":3}},"line":44},"2":{"name":"(anonymous_2)","decl":{"start":{"line":56,"column":2},"end":{"line":56,"column":3}},"loc":{"start":{"line":56,"column":25},"end":{"line":58,"column":3}},"line":56},"3":{"name":"(anonymous_3)","decl":{"start":{"line":60,"column":2},"end":{"line":60,"column":3}},"loc":{"start":{"line":60,"column":27},"end":{"line":62,"column":3}},"line":60},"4":{"name":"(anonymous_4)","decl":{"start":{"line":64,"column":2},"end":{"line":64,"column":3}},"loc":{"start":{"line":64,"column":25},"end":{"line":94,"column":3}},"line":64},"5":{"name":"(anonymous_5)","decl":{"start":{"line":82,"column":52},"end":{"line":82,"column":53}},"loc":{"start":{"line":82,"column":62},"end":{"line":82,"column":75}},"line":82},"6":{"name":"(anonymous_6)","decl":{"start":{"line":96,"column":2},"end":{"line":96,"column":3}},"loc":{"start":{"line":96,"column":14},"end":{"line":112,"column":3}},"line":96},"7":{"name":"(anonymous_7)","decl":{"start":{"line":98,"column":13},"end":{"line":98,"column":14}},"loc":{"start":{"line":98,"column":33},"end":{"line":110,"column":7}},"line":98},"8":{"name":"(anonymous_8)","decl":{"start":{"line":113,"column":2},"end":{"line":113,"column":3}},"loc":{"start":{"line":113,"column":26},"end":{"line":123,"column":3}},"line":113},"9":{"name":"(anonymous_9)","decl":{"start":{"line":125,"column":2},"end":{"line":125,"column":3}},"loc":{"start":{"line":125,"column":19},"end":{"line":127,"column":3}},"line":125},"10":{"name":"(anonymous_10)","decl":{"start":{"line":129,"column":2},"end":{"line":129,"column":3}},"loc":{"start":{"line":129,"column":29},"end":{"line":131,"column":3}},"line":129},"11":{"name":"(anonymous_11)","decl":{"start":{"line":133,"column":2},"end":{"line":133,"column":3}},"loc":{"start":{"line":133,"column":26},"end":{"line":143,"column":3}},"line":133},"12":{"name":"(anonymous_12)","decl":{"start":{"line":145,"column":2},"end":{"line":145,"column":3}},"loc":{"start":{"line":145,"column":28},"end":{"line":154,"column":3}},"line":145}},"branchMap":{"0":{"loc":{"start":{"line":83,"column":6},"end":{"line":83,"column":51}},"type":"if","locations":[{"start":{"line":83,"column":6},"end":{"line":83,"column":51}},{"start":{},"end":{}}],"line":83},"1":{"loc":{"start":{"line":101,"column":10},"end":{"line":104,"column":11}},"type":"if","locations":[{"start":{"line":101,"column":10},"end":{"line":104,"column":11}},{"start":{},"end":{}}],"line":101}},"s":{"0":3,"1":18,"2":18,"3":18,"4":18,"5":18,"6":1,"7":1,"8":1,"9":1,"10":1,"11":1,"12":2,"13":2,"14":2,"15":2,"16":2,"17":4,"18":2,"19":1,"20":1,"21":1,"22":1,"23":1,"24":1,"25":2,"26":1,"27":1,"28":1,"29":1,"30":1,"31":1,"32":1,"33":1,"34":1,"35":2,"36":2,"37":1,"38":1,"39":1,"40":1,"41":1,"42":1},"f":{"0":18,"1":1,"2":1,"3":1,"4":2,"5":4,"6":1,"7":1,"8":1,"9":2,"10":2,"11":1,"12":1},"b":{"0":[1,1],"1":[1,1]},"_coverageSchema":"1a1c01bbd47fc00a2c39e90264f33305004495a9","hash":"236c4141be4f4e38d389c814c8f222bdc7ccd98c"}
,"/home/julian-matias/Área de Trabalho/Julian/Radio_Spotify/aula02/server/util.js": {"path":"/home/julian-matias/Área de Trabalho/Julian/Radio_Spotify/aula02/server/util.js","statementMap":{"0":{"start":{"line":3,"column":12},"end":{"line":11,"column":2}},"1":{"start":{"line":13,"column":22},"end":{"line":13,"column":25}}},"fnMap":{},"branchMap":{},"s":{"0":3,"1":3},"f":{},"b":{},"_coverageSchema":"1a1c01bbd47fc00a2c39e90264f33305004495a9","hash":"8caceb1c5730833984e4789aa9760da0ba6ab644"}
,"/home/julian-matias/Área de Trabalho/Julian/Radio_Spotify/aula02/tests/unit/_util/testUtil.js": {"path":"/home/julian-matias/Área de Trabalho/Julian/Radio_Spotify/aula02/tests/unit/_util/testUtil.js","statementMap":{"0":{"start":{"line":12,"column":6},"end":{"line":20,"column":8}},"1":{"start":{"line":14,"column":10},"end":{"line":16,"column":11}},"2":{"start":{"line":15,"column":12},"end":{"line":15,"column":27}},"3":{"start":{"line":18,"column":10},"end":{"line":18,"column":25}},"4":{"start":{"line":24,"column":6},"end":{"line":31,"column":8}},"5":{"start":{"line":27,"column":10},"end":{"line":27,"column":25}},"6":{"start":{"line":29,"column":10},"end":{"line":29,"column":25}},"7":{"start":{"line":35,"column":28},"end":{"line":35,"column":83}},"8":{"start":{"line":37,"column":23},"end":{"line":37,"column":56}},"9":{"start":{"line":38,"column":19},"end":{"line":48,"column":7}},"10":{"start":{"line":50,"column":6},"end":{"line":53,"column":7}},"11":{"start":{"line":51,"column":22},"end":{"line":51,"column":41}}},"fnMap":{"0":{"name":"(anonymous_0)","decl":{"start":{"line":11,"column":4},"end":{"line":11,"column":5}},"loc":{"start":{"line":11,"column":40},"end":{"line":21,"column":5}},"line":11},"1":{"name":"(anonymous_1)","decl":{"start":{"line":13,"column":8},"end":{"line":13,"column":9}},"loc":{"start":{"line":13,"column":15},"end":{"line":19,"column":9}},"line":13},"2":{"name":"(anonymous_2)","decl":{"start":{"line":23,"column":4},"end":{"line":23,"column":5}},"loc":{"start":{"line":23,"column":42},"end":{"line":32,"column":5}},"line":23},"3":{"name":"(anonymous_3)","decl":{"start":{"line":25,"column":8},"end":{"line":25,"column":9}},"loc":{"start":{"line":25,"column":30},"end":{"line":30,"column":9}},"line":25},"4":{"name":"(anonymous_4)","decl":{"start":{"line":34,"column":4},"end":{"line":34,"column":5}},"loc":{"start":{"line":34,"column":33},"end":{"line":54,"column":5}},"line":34},"5":{"name":"(anonymous_5)","decl":{"start":{"line":51,"column":16},"end":{"line":51,"column":17}},"loc":{"start":{"line":51,"column":22},"end":{"line":51,"column":41}},"line":51}},"branchMap":{},"s":{"0":26,"1":5,"2":5,"3":5,"4":16,"5":1,"6":1,"7":10,"8":10,"9":10,"10":10,"11":10},"f":{"0":26,"1":5,"2":16,"3":1,"4":10,"5":10},"b":{},"_coverageSchema":"1a1c01bbd47fc00a2c39e90264f33305004495a9","hash":"aa924740346c02b212f9d634cec3d610e107165e"}
}
