{"/home/julian-matias/Área de Trabalho/Julian/Radio_Spotify/server/config.js": {"path":"/home/julian-matias/Área de Trabalho/Julian/Radio_Spotify/server/config.js","statementMap":{"0":{"start":{"line":3,"column":19},"end":{"line":3,"column":58}},"1":{"start":{"line":4,"column":13},"end":{"line":4,"column":36}},"2":{"start":{"line":5,"column":23},"end":{"line":5,"column":42}},"3":{"start":{"line":6,"column":24},"end":{"line":6,"column":44}}},"fnMap":{},"branchMap":{"0":{"loc":{"start":{"line":9,"column":10},"end":{"line":9,"column":34}},"type":"binary-expr","locations":[{"start":{"line":9,"column":10},"end":{"line":9,"column":26}},{"start":{"line":9,"column":30},"end":{"line":9,"column":34}}],"line":9}},"s":{"0":1,"1":1,"2":1,"3":1},"f":{},"b":{"0":[1,1]},"_coverageSchema":"1a1c01bbd47fc00a2c39e90264f33305004495a9","hash":"1ae6544da91508076b354488ae78067ecbed16a4"}
,"/home/julian-matias/Área de Trabalho/Julian/Radio_Spotify/server/controller.js": {"path":"/home/julian-matias/Área de Trabalho/Julian/Radio_Spotify/server/controller.js","statementMap":{"0":{"start":{"line":5,"column":8},"end":{"line":5,"column":36}},"1":{"start":{"line":8,"column":8},"end":{"line":8,"column":51}}},"fnMap":{"0":{"name":"(anonymous_0)","decl":{"start":{"line":4,"column":4},"end":{"line":4,"column":5}},"loc":{"start":{"line":4,"column":18},"end":{"line":6,"column":5}},"line":4},"1":{"name":"(anonymous_1)","decl":{"start":{"line":7,"column":4},"end":{"line":7,"column":5}},"loc":{"start":{"line":7,"column":34},"end":{"line":9,"column":5}},"line":7}},"branchMap":{},"s":{"0":1,"1":0},"f":{"0":1,"1":0},"b":{},"_coverageSchema":"1a1c01bbd47fc00a2c39e90264f33305004495a9","hash":"6b7827f0ab115051d01318e6ceca86ad516bf051"}
,"/home/julian-matias/Área de Trabalho/Julian/Radio_Spotify/server/routes.js": {"path":"/home/julian-matias/Área de Trabalho/Julian/Radio_Spotify/server/routes.js","statementMap":{"0":{"start":{"line":13,"column":4},"end":{"line":13,"column":10}},"1":{"start":{"line":14,"column":19},"end":{"line":14,"column":35}},"2":{"start":{"line":17,"column":28},"end":{"line":17,"column":35}},"3":{"start":{"line":19,"column":4},"end":{"line":25,"column":5}},"4":{"start":{"line":20,"column":8},"end":{"line":22,"column":10}},"5":{"start":{"line":24,"column":8},"end":{"line":24,"column":29}},"6":{"start":{"line":27,"column":4},"end":{"line":37,"column":5}},"7":{"start":{"line":30,"column":12},"end":{"line":30,"column":52}},"8":{"start":{"line":36,"column":8},"end":{"line":36,"column":36}},"9":{"start":{"line":39,"column":4},"end":{"line":50,"column":5}},"10":{"start":{"line":42,"column":12},"end":{"line":42,"column":58}},"11":{"start":{"line":49,"column":8},"end":{"line":49,"column":36}},"12":{"start":{"line":53,"column":4},"end":{"line":65,"column":5}},"13":{"start":{"line":57,"column":12},"end":{"line":57,"column":47}},"14":{"start":{"line":58,"column":28},"end":{"line":58,"column":46}},"15":{"start":{"line":59,"column":8},"end":{"line":63,"column":9}},"16":{"start":{"line":60,"column":12},"end":{"line":62,"column":14}},"17":{"start":{"line":64,"column":8},"end":{"line":64,"column":37}},"18":{"start":{"line":67,"column":4},"end":{"line":67,"column":27}},"19":{"start":{"line":68,"column":4},"end":{"line":68,"column":25}},"20":{"start":{"line":72,"column":4},"end":{"line":76,"column":5}},"21":{"start":{"line":73,"column":8},"end":{"line":73,"column":53}},"22":{"start":{"line":74,"column":8},"end":{"line":74,"column":31}},"23":{"start":{"line":75,"column":8},"end":{"line":75,"column":29}},"24":{"start":{"line":78,"column":4},"end":{"line":78,"column":54}},"25":{"start":{"line":79,"column":4},"end":{"line":79,"column":27}},"26":{"start":{"line":80,"column":4},"end":{"line":80,"column":25}},"27":{"start":{"line":85,"column":4},"end":{"line":86,"column":50}},"28":{"start":{"line":86,"column":20},"end":{"line":86,"column":49}}},"fnMap":{"0":{"name":"routes","decl":{"start":{"line":16,"column":15},"end":{"line":16,"column":21}},"loc":{"start":{"line":16,"column":41},"end":{"line":69,"column":1}},"line":16},"1":{"name":"handlerError","decl":{"start":{"line":71,"column":9},"end":{"line":71,"column":21}},"loc":{"start":{"line":71,"column":39},"end":{"line":81,"column":1}},"line":71},"2":{"name":"handler","decl":{"start":{"line":83,"column":16},"end":{"line":83,"column":23}},"loc":{"start":{"line":83,"column":43},"end":{"line":87,"column":1}},"line":83},"3":{"name":"(anonymous_3)","decl":{"start":{"line":86,"column":11},"end":{"line":86,"column":12}},"loc":{"start":{"line":86,"column":20},"end":{"line":86,"column":49}},"line":86}},"branchMap":{"0":{"loc":{"start":{"line":19,"column":4},"end":{"line":25,"column":5}},"type":"if","locations":[{"start":{"line":19,"column":4},"end":{"line":25,"column":5}},{"start":{},"end":{}}],"line":19},"1":{"loc":{"start":{"line":19,"column":7},"end":{"line":19,"column":38}},"type":"binary-expr","locations":[{"start":{"line":19,"column":7},"end":{"line":19,"column":23}},{"start":{"line":19,"column":27},"end":{"line":19,"column":38}}],"line":19},"2":{"loc":{"start":{"line":27,"column":4},"end":{"line":37,"column":5}},"type":"if","locations":[{"start":{"line":27,"column":4},"end":{"line":37,"column":5}},{"start":{},"end":{}}],"line":27},"3":{"loc":{"start":{"line":27,"column":7},"end":{"line":27,"column":42}},"type":"binary-expr","locations":[{"start":{"line":27,"column":7},"end":{"line":27,"column":23}},{"start":{"line":27,"column":27},"end":{"line":27,"column":42}}],"line":27},"4":{"loc":{"start":{"line":39,"column":4},"end":{"line":50,"column":5}},"type":"if","locations":[{"start":{"line":39,"column":4},"end":{"line":50,"column":5}},{"start":{},"end":{}}],"line":39},"5":{"loc":{"start":{"line":39,"column":7},"end":{"line":39,"column":48}},"type":"binary-expr","locations":[{"start":{"line":39,"column":7},"end":{"line":39,"column":23}},{"start":{"line":39,"column":27},"end":{"line":39,"column":48}}],"line":39},"6":{"loc":{"start":{"line":53,"column":4},"end":{"line":65,"column":5}},"type":"if","locations":[{"start":{"line":53,"column":4},"end":{"line":65,"column":5}},{"start":{},"end":{}}],"line":53},"7":{"loc":{"start":{"line":59,"column":8},"end":{"line":63,"column":9}},"type":"if","locations":[{"start":{"line":59,"column":8},"end":{"line":63,"column":9}},{"start":{},"end":{}}],"line":59},"8":{"loc":{"start":{"line":72,"column":4},"end":{"line":76,"column":5}},"type":"if","locations":[{"start":{"line":72,"column":4},"end":{"line":76,"column":5}},{"start":{},"end":{}}],"line":72}},"s":{"0":1,"1":1,"2":8,"3":8,"4":1,"5":1,"6":7,"7":1,"8":1,"9":6,"10":1,"11":1,"12":5,"13":4,"14":2,"15":2,"16":1,"17":2,"18":1,"19":1,"20":2,"21":1,"22":1,"23":1,"24":1,"25":1,"26":1,"27":8,"28":2},"f":{"0":8,"1":2,"2":8,"3":2},"b":{"0":[1,7],"1":[8,7],"2":[1,6],"3":[7,6],"4":[1,5],"5":[6,5],"6":[4,1],"7":[1,1],"8":[1,1]},"_coverageSchema":"1a1c01bbd47fc00a2c39e90264f33305004495a9","hash":"ac9d8ba0fb4faba5f495d11c1079524871714798"}
,"/home/julian-matias/Área de Trabalho/Julian/Radio_Spotify/server/service.js": {"path":"/home/julian-matias/Área de Trabalho/Julian/Radio_Spotify/server/service.js","statementMap":{"0":{"start":{"line":10,"column":4},"end":{"line":10,"column":10}},"1":{"start":{"line":13,"column":8},"end":{"line":13,"column":44}},"2":{"start":{"line":17,"column":29},"end":{"line":17,"column":56}},"3":{"start":{"line":18,"column":8},"end":{"line":18,"column":45}},"4":{"start":{"line":19,"column":25},"end":{"line":19,"column":46}},"5":{"start":{"line":20,"column":8},"end":{"line":23,"column":9}},"6":{"start":{"line":30,"column":12},"end":{"line":30,"column":40}},"7":{"start":{"line":31,"column":8},"end":{"line":34,"column":9}}},"fnMap":{"0":{"name":"(anonymous_0)","decl":{"start":{"line":12,"column":4},"end":{"line":12,"column":5}},"loc":{"start":{"line":12,"column":31},"end":{"line":14,"column":5}},"line":12},"1":{"name":"(anonymous_1)","decl":{"start":{"line":16,"column":4},"end":{"line":16,"column":5}},"loc":{"start":{"line":16,"column":28},"end":{"line":24,"column":5}},"line":16},"2":{"name":"(anonymous_2)","decl":{"start":{"line":26,"column":4},"end":{"line":26,"column":5}},"loc":{"start":{"line":26,"column":30},"end":{"line":35,"column":5}},"line":26}},"branchMap":{},"s":{"0":1,"1":0,"2":0,"3":0,"4":0,"5":0,"6":0,"7":0},"f":{"0":0,"1":0,"2":0},"b":{},"_coverageSchema":"1a1c01bbd47fc00a2c39e90264f33305004495a9","hash":"fcc571c9ec8e93910f3c35a63be052cdb2527d14"}
,"/home/julian-matias/Área de Trabalho/Julian/Radio_Spotify/server/util.js": {"path":"/home/julian-matias/Área de Trabalho/Julian/Radio_Spotify/server/util.js","statementMap":{"0":{"start":{"line":3,"column":12},"end":{"line":11,"column":2}},"1":{"start":{"line":13,"column":22},"end":{"line":13,"column":25}}},"fnMap":{},"branchMap":{},"s":{"0":1,"1":1},"f":{},"b":{},"_coverageSchema":"1a1c01bbd47fc00a2c39e90264f33305004495a9","hash":"5bf3f539aa812aa08195c30ea7abf7a42fce398e"}
,"/home/julian-matias/Área de Trabalho/Julian/Radio_Spotify/tests/unit/_util/testUtil.js": {"path":"/home/julian-matias/Área de Trabalho/Julian/Radio_Spotify/tests/unit/_util/testUtil.js","statementMap":{"0":{"start":{"line":11,"column":8},"end":{"line":19,"column":10}},"1":{"start":{"line":13,"column":16},"end":{"line":15,"column":17}},"2":{"start":{"line":14,"column":20},"end":{"line":14,"column":35}},"3":{"start":{"line":17,"column":16},"end":{"line":17,"column":31}},"4":{"start":{"line":23,"column":8},"end":{"line":29,"column":10}},"5":{"start":{"line":25,"column":16},"end":{"line":25,"column":29}},"6":{"start":{"line":27,"column":16},"end":{"line":27,"column":31}},"7":{"start":{"line":33,"column":30},"end":{"line":33,"column":85}},"8":{"start":{"line":34,"column":25},"end":{"line":34,"column":66}},"9":{"start":{"line":35,"column":21},"end":{"line":45,"column":9}},"10":{"start":{"line":47,"column":8},"end":{"line":50,"column":9}},"11":{"start":{"line":48,"column":26},"end":{"line":48,"column":45}}},"fnMap":{"0":{"name":"(anonymous_0)","decl":{"start":{"line":10,"column":4},"end":{"line":10,"column":5}},"loc":{"start":{"line":10,"column":40},"end":{"line":20,"column":5}},"line":10},"1":{"name":"(anonymous_1)","decl":{"start":{"line":12,"column":12},"end":{"line":12,"column":13}},"loc":{"start":{"line":12,"column":19},"end":{"line":18,"column":13}},"line":12},"2":{"name":"(anonymous_2)","decl":{"start":{"line":22,"column":4},"end":{"line":22,"column":5}},"loc":{"start":{"line":22,"column":42},"end":{"line":30,"column":5}},"line":22},"3":{"name":"(anonymous_3)","decl":{"start":{"line":24,"column":12},"end":{"line":24,"column":13}},"loc":{"start":{"line":24,"column":34},"end":{"line":28,"column":13}},"line":24},"4":{"name":"(anonymous_4)","decl":{"start":{"line":32,"column":4},"end":{"line":32,"column":5}},"loc":{"start":{"line":32,"column":32},"end":{"line":51,"column":5}},"line":32},"5":{"name":"(anonymous_5)","decl":{"start":{"line":34,"column":57},"end":{"line":34,"column":58}},"loc":{"start":{"line":34,"column":63},"end":{"line":34,"column":65}},"line":34},"6":{"name":"(anonymous_6)","decl":{"start":{"line":48,"column":20},"end":{"line":48,"column":21}},"loc":{"start":{"line":48,"column":26},"end":{"line":48,"column":45}},"line":48}},"branchMap":{},"s":{"0":12,"1":0,"2":0,"3":0,"4":8,"5":0,"6":0,"7":8,"8":8,"9":8,"10":8,"11":8},"f":{"0":12,"1":0,"2":8,"3":0,"4":8,"5":0,"6":8},"b":{},"_coverageSchema":"1a1c01bbd47fc00a2c39e90264f33305004495a9","hash":"9052955f37b6243b8aa228b6cf9813189d6e65b3"}
}
