TN:
SF:server/config.js
FNF:0
FNH:0
DA:3,1
DA:4,1
DA:5,1
DA:6,1
LF:4
LH:4
BRDA:9,0,0,1
BRDA:9,0,1,1
BRF:2
BRH:2
end_of_record
TN:
SF:server/controller.js
FN:4,(anonymous_0)
FN:7,(anonymous_1)
FNF:2
FNH:2
FNDA:1,(anonymous_0)
FNDA:1,(anonymous_1)
DA:5,1
DA:8,1
LF:2
LH:2
BRF:0
BRH:0
end_of_record
TN:
SF:server/routes.js
FN:16,routes
FN:71,handlerError
FN:83,handler
FN:86,(anonymous_3)
FNF:4
FNH:4
FNDA:6,routes
FNDA:1,handlerError
FNDA:6,handler
FNDA:1,(anonymous_3)
DA:13,1
DA:14,1
DA:17,6
DA:19,6
DA:20,1
DA:24,1
DA:27,5
DA:30,1
DA:36,1
DA:39,4
DA:42,1
DA:49,1
DA:53,3
DA:57,3
DA:58,2
DA:59,2
DA:60,1
DA:64,2
DA:67,0
DA:68,0
DA:72,1
DA:73,1
DA:74,1
DA:75,1
DA:78,0
DA:79,0
DA:80,0
DA:85,6
DA:86,1
LF:29
LH:24
BRDA:19,0,0,1
BRDA:19,0,1,5
BRDA:19,1,0,6
BRDA:19,1,1,6
BRDA:27,2,0,1
BRDA:27,2,1,4
BRDA:27,3,0,5
BRDA:27,3,1,5
BRDA:39,4,0,1
BRDA:39,4,1,3
BRDA:39,5,0,4
BRDA:39,5,1,4
BRDA:53,6,0,3
BRDA:53,6,1,0
BRDA:59,7,0,1
BRDA:59,7,1,1
BRDA:72,8,0,1
BRDA:72,8,1,0
BRF:18
BRH:16
end_of_record
TN:
SF:server/service.js
FN:12,(anonymous_0)
FN:16,(anonymous_1)
FN:26,(anonymous_2)
FNF:3
FNH:2
FNDA:0,(anonymous_0)
FNDA:1,(anonymous_1)
FNDA:1,(anonymous_2)
DA:10,1
DA:13,0
DA:17,1
DA:18,1
DA:19,0
DA:20,0
DA:30,1
DA:31,0
LF:8
LH:4
BRF:0
BRH:0
end_of_record
TN:
SF:server/util.js
FNF:0
FNH:0
DA:3,1
DA:13,1
LF:2
LH:2
BRF:0
BRH:0
end_of_record
TN:
SF:tests/unit/_util/testUtil.js
FN:10,(anonymous_0)
FN:12,(anonymous_1)
FN:22,(anonymous_2)
FN:24,(anonymous_3)
FN:32,(anonymous_4)
FN:34,(anonymous_5)
FN:48,(anonymous_6)
FNF:7
FNH:4
FNDA:10,(anonymous_0)
FNDA:0,(anonymous_1)
FNDA:6,(anonymous_2)
FNDA:0,(anonymous_3)
FNDA:6,(anonymous_4)
FNDA:0,(anonymous_5)
FNDA:6,(anonymous_6)
DA:11,10
DA:13,0
DA:14,0
DA:17,0
DA:23,6
DA:25,0
DA:27,0
DA:33,6
DA:34,6
DA:35,6
DA:47,6
DA:48,6
LF:12
LH:7
BRF:0
BRH:0
end_of_record
