TN:
SF:server/config.js
FNF:0
FNH:0
DA:3,1
DA:4,1
DA:5,1
DA:6,1
LF:4
LH:4
BRDA:9,0,0,1
BRDA:9,0,1,1
BRF:2
BRH:2
end_of_record
TN:
SF:server/controller.js
FN:4,(anonymous_0)
FN:7,(anonymous_1)
FNF:2
FNH:1
FNDA:1,(anonymous_0)
FNDA:0,(anonymous_1)
DA:5,1
DA:8,0
LF:2
LH:1
BRF:0
BRH:0
end_of_record
TN:
SF:server/routes.js
FN:16,routes
FN:71,handlerError
FN:83,handler
FN:86,(anonymous_3)
FNF:4
FNH:4
FNDA:8,routes
FNDA:2,handlerError
FNDA:8,handler
FNDA:2,(anonymous_3)
DA:13,1
DA:14,1
DA:17,8
DA:19,8
DA:20,1
DA:24,1
DA:27,7
DA:30,1
DA:36,1
DA:39,6
DA:42,1
DA:49,1
DA:53,5
DA:57,4
DA:58,2
DA:59,2
DA:60,1
DA:64,2
DA:67,1
DA:68,1
DA:72,2
DA:73,1
DA:74,1
DA:75,1
DA:78,1
DA:79,1
DA:80,1
DA:85,8
DA:86,2
LF:29
LH:29
BRDA:19,0,0,1
BRDA:19,0,1,7
BRDA:19,1,0,8
BRDA:19,1,1,7
BRDA:27,2,0,1
BRDA:27,2,1,6
BRDA:27,3,0,7
BRDA:27,3,1,6
BRDA:39,4,0,1
BRDA:39,4,1,5
BRDA:39,5,0,6
BRDA:39,5,1,5
BRDA:53,6,0,4
BRDA:53,6,1,1
BRDA:59,7,0,1
BRDA:59,7,1,1
BRDA:72,8,0,1
BRDA:72,8,1,1
BRF:18
BRH:18
end_of_record
TN:
SF:server/service.js
FN:12,(anonymous_0)
FN:16,(anonymous_1)
FN:26,(anonymous_2)
FNF:3
FNH:0
FNDA:0,(anonymous_0)
FNDA:0,(anonymous_1)
FNDA:0,(anonymous_2)
DA:10,1
DA:13,0
DA:17,0
DA:18,0
DA:19,0
DA:20,0
DA:30,0
DA:31,0
LF:8
LH:1
BRF:0
BRH:0
end_of_record
TN:
SF:server/util.js
FNF:0
FNH:0
DA:3,1
DA:13,1
LF:2
LH:2
BRF:0
BRH:0
end_of_record
TN:
SF:tests/unit/_util/testUtil.js
FN:10,(anonymous_0)
FN:12,(anonymous_1)
FN:22,(anonymous_2)
FN:24,(anonymous_3)
FN:32,(anonymous_4)
FN:34,(anonymous_5)
FN:48,(anonymous_6)
FNF:7
FNH:4
FNDA:12,(anonymous_0)
FNDA:0,(anonymous_1)
FNDA:8,(anonymous_2)
FNDA:0,(anonymous_3)
FNDA:8,(anonymous_4)
FNDA:0,(anonymous_5)
FNDA:8,(anonymous_6)
DA:11,12
DA:13,0
DA:14,0
DA:17,0
DA:23,8
DA:25,0
DA:27,0
DA:33,8
DA:34,8
DA:35,8
DA:47,8
DA:48,8
LF:12
LH:7
BRF:0
BRH:0
end_of_record
